Streaming transaction logs mentioning Fg6PaFpoGXkYsidMpWTK6W2BeZ7FEfcYkg476zPFsLnS. Confirmed commitment
Transaction executed in slot 59:
  Signature: 121tWDsj61wy1TsPjibF5uM8AmY468JshGRq1RFmB2vB3ar8JPK5RSyrEeT5JdTDKn7m7rewHehkkwd3XE98Yapq
  Status: Ok
  Log Messages:
    Program Fg6PaFpoGXkYsidMpWTK6W2BeZ7FEfcYkg476zPFsLnS invoke [1]
    Program log: Instruction: Initialize
    Program 11111111111111111111111111111111 invoke [2]
    Program 11111111111111111111111111111111 success
    Program Fg6PaFpoGXkYsidMpWTK6W2BeZ7FEfcYkg476zPFsLnS consumed 9523 of 1400000 compute units
    Program Fg6PaFpoGXkYsidMpWTK6W2BeZ7FEfcYkg476zPFsLnS success
Transaction executed in slot 60:
  Signature: 3LLXUiwCXEbYjxq7BYdroUp2Sf5dbD7MC9aq3hUEBonvEGqdbEQmP8kBpv2DQESUDKVcx1eBV8nvhRewcA8CYEaP
  Status: Ok
  Log Messages:
    Program Fg6PaFpoGXkYsidMpWTK6W2BeZ7FEfcYkg476zPFsLnS invoke [1]
    Program log: Instruction: SetDripVolume
    Program Fg6PaFpoGXkYsidMpWTK6W2BeZ7FEfcYkg476zPFsLnS consumed 2614 of 1400000 compute units
    Program Fg6PaFpoGXkYsidMpWTK6W2BeZ7FEfcYkg476zPFsLnS success
Transaction executed in slot 61:
  Signature: k5GfrLZR9WSaDV3KfrqaX5YAQVJJBabae2ZY4RjSYWswLedRxCxJzEnkpffLCEQhTjTnjDmmNLuNx1SCwmXg7y5
  Status: Ok
  Log Messages:
    Program 11111111111111111111111111111111 invoke [1]
    Program 11111111111111111111111111111111 success
    Program TokenkegQfeZyiNwAJbNbGKPFXCWuBvf9Ss623VQ5DA invoke [1]
    Program log: Instruction: InitializeAccount
    Program TokenkegQfeZyiNwAJbNbGKPFXCWuBvf9Ss623VQ5DA consumed 3480 of 1400000 compute units
    Program TokenkegQfeZyiNwAJbNbGKPFXCWuBvf9Ss623VQ5DA success
    Program Fg6PaFpoGXkYsidMpWTK6W2BeZ7FEfcYkg476zPFsLnS invoke [1]
    Program log: Instruction: Drip
    Program TokenkegQfeZyiNwAJbNbGKPFXCWuBvf9Ss623VQ5DA invoke [2]
    Program log: Instruction: MintTo
    Program TokenkegQfeZyiNwAJbNbGKPFXCWuBvf9Ss623VQ5DA consumed 2860 of 1390707 compute units
    Program TokenkegQfeZyiNwAJbNbGKPFXCWuBvf9Ss623VQ5DA success
    Program Fg6PaFpoGXkYsidMpWTK6W2BeZ7FEfcYkg476zPFsLnS consumed 9069 of 1396520 compute units
    Program Fg6PaFpoGXkYsidMpWTK6W2BeZ7FEfcYkg476zPFsLnS success
